<?xml version="1.0" encoding="UTF-8"?>
<testsuite xmlns:xsi="http://www.w3.org/2001/XMLSchema-instance" xsi:noNamespaceSchemaLocation="https://maven.apache.org/surefire/maven-surefire-plugin/xsd/surefire-test-report-3.0.xsd" version="3.0" name="TestSuite" time="43.226" tests="1" errors="0" skipped="0" failures="0">
  <properties>
    <property name="gopherProxySet" value="false"/>
    <property name="awt.toolkit" value="sun.lwawt.macosx.LWCToolkit"/>
    <property name="java.specification.version" value="11"/>
    <property name="sun.cpu.isalist" value=""/>
    <property name="sun.jnu.encoding" value="UTF-8"/>
    <property name="java.class.path" value="/Users/daniel.scholtz/projects/pcloudy-maven-demo/target/test-classes:/Users/daniel.scholtz/projects/pcloudy-maven-demo/target/classes:/Users/daniel.scholtz/.m2/repository/pCloudy-java-connector/pCloudy-java-connector/11.0.3/pCloudy-java-connector-11.0.3.jar:/Users/daniel.scholtz/.m2/repository/io/appium/java-client/7.6.0/java-client-7.6.0.jar:/Users/daniel.scholtz/.m2/repository/org/seleniumhq/selenium/selenium-java/3.141.59/selenium-java-3.141.59.jar:/Users/daniel.scholtz/.m2/repository/org/seleniumhq/selenium/selenium-chrome-driver/3.141.59/selenium-chrome-driver-3.141.59.jar:/Users/daniel.scholtz/.m2/repository/org/seleniumhq/selenium/selenium-edge-driver/3.141.59/selenium-edge-driver-3.141.59.jar:/Users/daniel.scholtz/.m2/repository/org/seleniumhq/selenium/selenium-firefox-driver/3.141.59/selenium-firefox-driver-3.141.59.jar:/Users/daniel.scholtz/.m2/repository/org/seleniumhq/selenium/selenium-ie-driver/3.141.59/selenium-ie-driver-3.141.59.jar:/Users/daniel.scholtz/.m2/repository/org/seleniumhq/selenium/selenium-opera-driver/3.141.59/selenium-opera-driver-3.141.59.jar:/Users/daniel.scholtz/.m2/repository/org/seleniumhq/selenium/selenium-remote-driver/3.141.59/selenium-remote-driver-3.141.59.jar:/Users/daniel.scholtz/.m2/repository/org/seleniumhq/selenium/selenium-safari-driver/3.141.59/selenium-safari-driver-3.141.59.jar:/Users/daniel.scholtz/.m2/repository/net/bytebuddy/byte-buddy/1.8.15/byte-buddy-1.8.15.jar:/Users/daniel.scholtz/.m2/repository/org/apache/commons/commons-exec/1.3/commons-exec-1.3.jar:/Users/daniel.scholtz/.m2/repository/com/squareup/okhttp3/okhttp/3.11.0/okhttp-3.11.0.jar:/Users/daniel.scholtz/.m2/repository/com/squareup/okio/okio/1.14.0/okio-1.14.0.jar:/Users/daniel.scholtz/.m2/repository/org/seleniumhq/selenium/selenium-support/3.141.59/selenium-support-3.141.59.jar:/Users/daniel.scholtz/.m2/repository/org/seleniumhq/selenium/selenium-api/3.141.59/selenium-api-3.141.59.jar:/Users/daniel.scholtz/.m2/repository/com/google/code/gson/gson/2.8.8/gson-2.8.8.jar:/Users/daniel.scholtz/.m2/repository/org/apache/httpcomponents/httpclient/4.5.13/httpclient-4.5.13.jar:/Users/daniel.scholtz/.m2/repository/org/apache/httpcomponents/httpcore/4.4.13/httpcore-4.4.13.jar:/Users/daniel.scholtz/.m2/repository/commons-logging/commons-logging/1.2/commons-logging-1.2.jar:/Users/daniel.scholtz/.m2/repository/commons-codec/commons-codec/1.11/commons-codec-1.11.jar:/Users/daniel.scholtz/.m2/repository/cglib/cglib/3.3.0/cglib-3.3.0.jar:/Users/daniel.scholtz/.m2/repository/org/ow2/asm/asm/7.1/asm-7.1.jar:/Users/daniel.scholtz/.m2/repository/commons-validator/commons-validator/1.7/commons-validator-1.7.jar:/Users/daniel.scholtz/.m2/repository/commons-beanutils/commons-beanutils/1.9.4/commons-beanutils-1.9.4.jar:/Users/daniel.scholtz/.m2/repository/commons-digester/commons-digester/2.1/commons-digester-2.1.jar:/Users/daniel.scholtz/.m2/repository/commons-collections/commons-collections/3.2.2/commons-collections-3.2.2.jar:/Users/daniel.scholtz/.m2/repository/org/apache/commons/commons-lang3/3.12.0/commons-lang3-3.12.0.jar:/Users/daniel.scholtz/.m2/repository/commons-io/commons-io/2.11.0/commons-io-2.11.0.jar:/Users/daniel.scholtz/.m2/repository/org/springframework/spring-context/5.3.10/spring-context-5.3.10.jar:/Users/daniel.scholtz/.m2/repository/org/springframework/spring-aop/5.3.10/spring-aop-5.3.10.jar:/Users/daniel.scholtz/.m2/repository/org/springframework/spring-beans/5.3.10/spring-beans-5.3.10.jar:/Users/daniel.scholtz/.m2/repository/org/springframework/spring-core/5.3.10/spring-core-5.3.10.jar:/Users/daniel.scholtz/.m2/repository/org/springframework/spring-jcl/5.3.10/spring-jcl-5.3.10.jar:/Users/daniel.scholtz/.m2/repository/org/springframework/spring-expression/5.3.10/spring-expression-5.3.10.jar:/Users/daniel.scholtz/.m2/repository/org/aspectj/aspectjweaver/1.9.7/aspectjweaver-1.9.7.jar:/Users/daniel.scholtz/.m2/repository/org/slf4j/slf4j-api/1.7.32/slf4j-api-1.7.32.jar:/Users/daniel.scholtz/.m2/repository/io/cucumber/cucumber-java/7.15.0/cucumber-java-7.15.0.jar:/Users/daniel.scholtz/.m2/repository/io/cucumber/cucumber-core/7.15.0/cucumber-core-7.15.0.jar:/Users/daniel.scholtz/.m2/repository/io/cucumber/cucumber-gherkin/7.15.0/cucumber-gherkin-7.15.0.jar:/Users/daniel.scholtz/.m2/repository/io/cucumber/cucumber-gherkin-messages/7.15.0/cucumber-gherkin-messages-7.15.0.jar:/Users/daniel.scholtz/.m2/repository/io/cucumber/messages/22.0.0/messages-22.0.0.jar:/Users/daniel.scholtz/.m2/repository/io/cucumber/tag-expressions/6.0.0/tag-expressions-6.0.0.jar:/Users/daniel.scholtz/.m2/repository/io/cucumber/cucumber-expressions/17.0.1/cucumber-expressions-17.0.1.jar:/Users/daniel.scholtz/.m2/repository/io/cucumber/datatable/7.15.0/datatable-7.15.0.jar:/Users/daniel.scholtz/.m2/repository/io/cucumber/cucumber-plugin/7.15.0/cucumber-plugin-7.15.0.jar:/Users/daniel.scholtz/.m2/repository/io/cucumber/docstring/7.15.0/docstring-7.15.0.jar:/Users/daniel.scholtz/.m2/repository/io/cucumber/html-formatter/20.4.0/html-formatter-20.4.0.jar:/Users/daniel.scholtz/.m2/repository/io/cucumber/junit-xml-formatter/0.2.0/junit-xml-formatter-0.2.0.jar:/Users/daniel.scholtz/.m2/repository/io/cucumber/ci-environment/10.0.0/ci-environment-10.0.0.jar:/Users/daniel.scholtz/.m2/repository/org/apiguardian/apiguardian-api/1.1.2/apiguardian-api-1.1.2.jar:/Users/daniel.scholtz/.m2/repository/io/cucumber/cucumber-testng/7.15.0/cucumber-testng-7.15.0.jar:/Users/daniel.scholtz/.m2/repository/org/testng/testng/7.8.0/testng-7.8.0.jar:/Users/daniel.scholtz/.m2/repository/com/beust/jcommander/1.82/jcommander-1.82.jar:/Users/daniel.scholtz/.m2/repository/org/webjars/jquery/3.6.1/jquery-3.6.1.jar:/Users/daniel.scholtz/.m2/repository/io/cucumber/cucumber-jvm-deps/1.0.6/cucumber-jvm-deps-1.0.6.jar:/Users/daniel.scholtz/.m2/repository/net/masterthought/cucumber-reporting/5.8.0/cucumber-reporting-5.8.0.jar:/Users/daniel.scholtz/.m2/repository/com/fasterxml/jackson/core/jackson-databind/2.16.1/jackson-databind-2.16.1.jar:/Users/daniel.scholtz/.m2/repository/com/fasterxml/jackson/core/jackson-annotations/2.16.1/jackson-annotations-2.16.1.jar:/Users/daniel.scholtz/.m2/repository/com/fasterxml/jackson/core/jackson-core/2.16.1/jackson-core-2.16.1.jar:/Users/daniel.scholtz/.m2/repository/com/fasterxml/jackson/datatype/jackson-datatype-jsr310/2.16.1/jackson-datatype-jsr310-2.16.1.jar:/Users/daniel.scholtz/.m2/repository/org/apache/velocity/velocity-engine-core/2.3/velocity-engine-core-2.3.jar:/Users/daniel.scholtz/.m2/repository/joda-time/joda-time/2.12.6/joda-time-2.12.6.jar:/Users/daniel.scholtz/.m2/repository/org/apache/commons/commons-configuration2/2.9.0/commons-configuration2-2.9.0.jar:/Users/daniel.scholtz/.m2/repository/org/apache/commons/commons-text/1.11.0/commons-text-1.11.0.jar:/Users/daniel.scholtz/.m2/repository/org/jsoup/jsoup/1.17.2/jsoup-1.17.2.jar:/Users/daniel.scholtz/.m2/repository/com/googlecode/owasp-java-html-sanitizer/owasp-java-html-sanitizer/20220608.1/owasp-java-html-sanitizer-20220608.1.jar:/Users/daniel.scholtz/.m2/repository/com/google/guava/guava/33.0.0-jre/guava-33.0.0-jre.jar:/Users/daniel.scholtz/.m2/repository/com/google/guava/failureaccess/1.0.2/failureaccess-1.0.2.jar:/Users/daniel.scholtz/.m2/repository/com/google/guava/listenablefuture/9999.0-empty-to-avoid-conflict-with-guava/listenablefuture-9999.0-empty-to-avoid-conflict-with-guava.jar:/Users/daniel.scholtz/.m2/repository/com/google/code/findbugs/jsr305/3.0.2/jsr305-3.0.2.jar:/Users/daniel.scholtz/.m2/repository/org/checkerframework/checker-qual/3.41.0/checker-qual-3.41.0.jar:/Users/daniel.scholtz/.m2/repository/com/google/errorprone/error_prone_annotations/2.23.0/error_prone_annotations-2.23.0.jar:/Users/daniel.scholtz/.m2/repository/com/google/j2objc/j2objc-annotations/2.8/j2objc-annotations-2.8.jar:/Users/daniel.scholtz/.m2/repository/org/slf4j/jcl-over-slf4j/2.0.11/jcl-over-slf4j-2.0.11.jar:/Users/daniel.scholtz/.m2/repository/io/qameta/allure/allure-cucumber7-jvm/2.26.0/allure-cucumber7-jvm-2.26.0.jar:/Users/daniel.scholtz/.m2/repository/io/qameta/allure/allure-java-commons/2.26.0/allure-java-commons-2.26.0.jar:/Users/daniel.scholtz/.m2/repository/io/qameta/allure/allure-model/2.26.0/allure-model-2.26.0.jar:/Users/daniel.scholtz/.m2/repository/io/cucumber/gherkin/26.2.0/gherkin-26.2.0.jar:/Users/daniel.scholtz/.m2/repository/org/projectlombok/lombok/1.18.24/lombok-1.18.24.jar:"/>
    <property name="java.vm.vendor" value="JetBrains s.r.o."/>
    <property name="sun.arch.data.model" value="64"/>
    <property name="java.vendor.url" value="https://openjdk.java.net/"/>
    <property name="user.timezone" value="Europe/Budapest"/>
    <property name="java.vm.specification.version" value="11"/>
    <property name="os.name" value="Mac OS X"/>
    <property name="sun.java.launcher" value="SUN_STANDARD"/>
    <property name="user.country" value="US"/>
    <property name="sun.boot.library.path" value="/Applications/IntelliJ IDEA CE.app/Contents/jbr/Contents/Home/lib"/>
    <property name="sun.java.command" value="/Users/daniel.scholtz/projects/pcloudy-maven-demo/target/surefire/surefirebooter-20240528180200937_3.jar /Users/daniel.scholtz/projects/pcloudy-maven-demo/target/surefire 2024-05-28T18-02-00_533-jvmRun1 surefire-20240528180200937_1tmp surefire_0-20240528180200937_2tmp"/>
    <property name="jdk.debug" value="release"/>
    <property name="surefire.test.class.path" value="/Users/daniel.scholtz/projects/pcloudy-maven-demo/target/test-classes:/Users/daniel.scholtz/projects/pcloudy-maven-demo/target/classes:/Users/daniel.scholtz/.m2/repository/pCloudy-java-connector/pCloudy-java-connector/11.0.3/pCloudy-java-connector-11.0.3.jar:/Users/daniel.scholtz/.m2/repository/io/appium/java-client/7.6.0/java-client-7.6.0.jar:/Users/daniel.scholtz/.m2/repository/org/seleniumhq/selenium/selenium-java/3.141.59/selenium-java-3.141.59.jar:/Users/daniel.scholtz/.m2/repository/org/seleniumhq/selenium/selenium-chrome-driver/3.141.59/selenium-chrome-driver-3.141.59.jar:/Users/daniel.scholtz/.m2/repository/org/seleniumhq/selenium/selenium-edge-driver/3.141.59/selenium-edge-driver-3.141.59.jar:/Users/daniel.scholtz/.m2/repository/org/seleniumhq/selenium/selenium-firefox-driver/3.141.59/selenium-firefox-driver-3.141.59.jar:/Users/daniel.scholtz/.m2/repository/org/seleniumhq/selenium/selenium-ie-driver/3.141.59/selenium-ie-driver-3.141.59.jar:/Users/daniel.scholtz/.m2/repository/org/seleniumhq/selenium/selenium-opera-driver/3.141.59/selenium-opera-driver-3.141.59.jar:/Users/daniel.scholtz/.m2/repository/org/seleniumhq/selenium/selenium-remote-driver/3.141.59/selenium-remote-driver-3.141.59.jar:/Users/daniel.scholtz/.m2/repository/org/seleniumhq/selenium/selenium-safari-driver/3.141.59/selenium-safari-driver-3.141.59.jar:/Users/daniel.scholtz/.m2/repository/net/bytebuddy/byte-buddy/1.8.15/byte-buddy-1.8.15.jar:/Users/daniel.scholtz/.m2/repository/org/apache/commons/commons-exec/1.3/commons-exec-1.3.jar:/Users/daniel.scholtz/.m2/repository/com/squareup/okhttp3/okhttp/3.11.0/okhttp-3.11.0.jar:/Users/daniel.scholtz/.m2/repository/com/squareup/okio/okio/1.14.0/okio-1.14.0.jar:/Users/daniel.scholtz/.m2/repository/org/seleniumhq/selenium/selenium-support/3.141.59/selenium-support-3.141.59.jar:/Users/daniel.scholtz/.m2/repository/org/seleniumhq/selenium/selenium-api/3.141.59/selenium-api-3.141.59.jar:/Users/daniel.scholtz/.m2/repository/com/google/code/gson/gson/2.8.8/gson-2.8.8.jar:/Users/daniel.scholtz/.m2/repository/org/apache/httpcomponents/httpclient/4.5.13/httpclient-4.5.13.jar:/Users/daniel.scholtz/.m2/repository/org/apache/httpcomponents/httpcore/4.4.13/httpcore-4.4.13.jar:/Users/daniel.scholtz/.m2/repository/commons-logging/commons-logging/1.2/commons-logging-1.2.jar:/Users/daniel.scholtz/.m2/repository/commons-codec/commons-codec/1.11/commons-codec-1.11.jar:/Users/daniel.scholtz/.m2/repository/cglib/cglib/3.3.0/cglib-3.3.0.jar:/Users/daniel.scholtz/.m2/repository/org/ow2/asm/asm/7.1/asm-7.1.jar:/Users/daniel.scholtz/.m2/repository/commons-validator/commons-validator/1.7/commons-validator-1.7.jar:/Users/daniel.scholtz/.m2/repository/commons-beanutils/commons-beanutils/1.9.4/commons-beanutils-1.9.4.jar:/Users/daniel.scholtz/.m2/repository/commons-digester/commons-digester/2.1/commons-digester-2.1.jar:/Users/daniel.scholtz/.m2/repository/commons-collections/commons-collections/3.2.2/commons-collections-3.2.2.jar:/Users/daniel.scholtz/.m2/repository/org/apache/commons/commons-lang3/3.12.0/commons-lang3-3.12.0.jar:/Users/daniel.scholtz/.m2/repository/commons-io/commons-io/2.11.0/commons-io-2.11.0.jar:/Users/daniel.scholtz/.m2/repository/org/springframework/spring-context/5.3.10/spring-context-5.3.10.jar:/Users/daniel.scholtz/.m2/repository/org/springframework/spring-aop/5.3.10/spring-aop-5.3.10.jar:/Users/daniel.scholtz/.m2/repository/org/springframework/spring-beans/5.3.10/spring-beans-5.3.10.jar:/Users/daniel.scholtz/.m2/repository/org/springframework/spring-core/5.3.10/spring-core-5.3.10.jar:/Users/daniel.scholtz/.m2/repository/org/springframework/spring-jcl/5.3.10/spring-jcl-5.3.10.jar:/Users/daniel.scholtz/.m2/repository/org/springframework/spring-expression/5.3.10/spring-expression-5.3.10.jar:/Users/daniel.scholtz/.m2/repository/org/aspectj/aspectjweaver/1.9.7/aspectjweaver-1.9.7.jar:/Users/daniel.scholtz/.m2/repository/org/slf4j/slf4j-api/1.7.32/slf4j-api-1.7.32.jar:/Users/daniel.scholtz/.m2/repository/io/cucumber/cucumber-java/7.15.0/cucumber-java-7.15.0.jar:/Users/daniel.scholtz/.m2/repository/io/cucumber/cucumber-core/7.15.0/cucumber-core-7.15.0.jar:/Users/daniel.scholtz/.m2/repository/io/cucumber/cucumber-gherkin/7.15.0/cucumber-gherkin-7.15.0.jar:/Users/daniel.scholtz/.m2/repository/io/cucumber/cucumber-gherkin-messages/7.15.0/cucumber-gherkin-messages-7.15.0.jar:/Users/daniel.scholtz/.m2/repository/io/cucumber/messages/22.0.0/messages-22.0.0.jar:/Users/daniel.scholtz/.m2/repository/io/cucumber/tag-expressions/6.0.0/tag-expressions-6.0.0.jar:/Users/daniel.scholtz/.m2/repository/io/cucumber/cucumber-expressions/17.0.1/cucumber-expressions-17.0.1.jar:/Users/daniel.scholtz/.m2/repository/io/cucumber/datatable/7.15.0/datatable-7.15.0.jar:/Users/daniel.scholtz/.m2/repository/io/cucumber/cucumber-plugin/7.15.0/cucumber-plugin-7.15.0.jar:/Users/daniel.scholtz/.m2/repository/io/cucumber/docstring/7.15.0/docstring-7.15.0.jar:/Users/daniel.scholtz/.m2/repository/io/cucumber/html-formatter/20.4.0/html-formatter-20.4.0.jar:/Users/daniel.scholtz/.m2/repository/io/cucumber/junit-xml-formatter/0.2.0/junit-xml-formatter-0.2.0.jar:/Users/daniel.scholtz/.m2/repository/io/cucumber/ci-environment/10.0.0/ci-environment-10.0.0.jar:/Users/daniel.scholtz/.m2/repository/org/apiguardian/apiguardian-api/1.1.2/apiguardian-api-1.1.2.jar:/Users/daniel.scholtz/.m2/repository/io/cucumber/cucumber-testng/7.15.0/cucumber-testng-7.15.0.jar:/Users/daniel.scholtz/.m2/repository/org/testng/testng/7.8.0/testng-7.8.0.jar:/Users/daniel.scholtz/.m2/repository/com/beust/jcommander/1.82/jcommander-1.82.jar:/Users/daniel.scholtz/.m2/repository/org/webjars/jquery/3.6.1/jquery-3.6.1.jar:/Users/daniel.scholtz/.m2/repository/io/cucumber/cucumber-jvm-deps/1.0.6/cucumber-jvm-deps-1.0.6.jar:/Users/daniel.scholtz/.m2/repository/net/masterthought/cucumber-reporting/5.8.0/cucumber-reporting-5.8.0.jar:/Users/daniel.scholtz/.m2/repository/com/fasterxml/jackson/core/jackson-databind/2.16.1/jackson-databind-2.16.1.jar:/Users/daniel.scholtz/.m2/repository/com/fasterxml/jackson/core/jackson-annotations/2.16.1/jackson-annotations-2.16.1.jar:/Users/daniel.scholtz/.m2/repository/com/fasterxml/jackson/core/jackson-core/2.16.1/jackson-core-2.16.1.jar:/Users/daniel.scholtz/.m2/repository/com/fasterxml/jackson/datatype/jackson-datatype-jsr310/2.16.1/jackson-datatype-jsr310-2.16.1.jar:/Users/daniel.scholtz/.m2/repository/org/apache/velocity/velocity-engine-core/2.3/velocity-engine-core-2.3.jar:/Users/daniel.scholtz/.m2/repository/joda-time/joda-time/2.12.6/joda-time-2.12.6.jar:/Users/daniel.scholtz/.m2/repository/org/apache/commons/commons-configuration2/2.9.0/commons-configuration2-2.9.0.jar:/Users/daniel.scholtz/.m2/repository/org/apache/commons/commons-text/1.11.0/commons-text-1.11.0.jar:/Users/daniel.scholtz/.m2/repository/org/jsoup/jsoup/1.17.2/jsoup-1.17.2.jar:/Users/daniel.scholtz/.m2/repository/com/googlecode/owasp-java-html-sanitizer/owasp-java-html-sanitizer/20220608.1/owasp-java-html-sanitizer-20220608.1.jar:/Users/daniel.scholtz/.m2/repository/com/google/guava/guava/33.0.0-jre/guava-33.0.0-jre.jar:/Users/daniel.scholtz/.m2/repository/com/google/guava/failureaccess/1.0.2/failureaccess-1.0.2.jar:/Users/daniel.scholtz/.m2/repository/com/google/guava/listenablefuture/9999.0-empty-to-avoid-conflict-with-guava/listenablefuture-9999.0-empty-to-avoid-conflict-with-guava.jar:/Users/daniel.scholtz/.m2/repository/com/google/code/findbugs/jsr305/3.0.2/jsr305-3.0.2.jar:/Users/daniel.scholtz/.m2/repository/org/checkerframework/checker-qual/3.41.0/checker-qual-3.41.0.jar:/Users/daniel.scholtz/.m2/repository/com/google/errorprone/error_prone_annotations/2.23.0/error_prone_annotations-2.23.0.jar:/Users/daniel.scholtz/.m2/repository/com/google/j2objc/j2objc-annotations/2.8/j2objc-annotations-2.8.jar:/Users/daniel.scholtz/.m2/repository/org/slf4j/jcl-over-slf4j/2.0.11/jcl-over-slf4j-2.0.11.jar:/Users/daniel.scholtz/.m2/repository/io/qameta/allure/allure-cucumber7-jvm/2.26.0/allure-cucumber7-jvm-2.26.0.jar:/Users/daniel.scholtz/.m2/repository/io/qameta/allure/allure-java-commons/2.26.0/allure-java-commons-2.26.0.jar:/Users/daniel.scholtz/.m2/repository/io/qameta/allure/allure-model/2.26.0/allure-model-2.26.0.jar:/Users/daniel.scholtz/.m2/repository/io/cucumber/gherkin/26.2.0/gherkin-26.2.0.jar:/Users/daniel.scholtz/.m2/repository/org/projectlombok/lombok/1.18.24/lombok-1.18.24.jar:"/>
    <property name="sun.cpu.endian" value="little"/>
    <property name="user.home" value="/Users/daniel.scholtz"/>
    <property name="user.language" value="en"/>
    <property name="java.specification.vendor" value="Oracle Corporation"/>
    <property name="java.version.date" value="2021-01-19"/>
    <property name="java.home" value="/Applications/IntelliJ IDEA CE.app/Contents/jbr/Contents/Home"/>
    <property name="file.separator" value="/"/>
    <property name="basedir" value="/Users/daniel.scholtz/projects/pcloudy-maven-demo"/>
    <property name="java.vm.compressedOopsMode" value="Zero based"/>
    <property name="line.separator" value="&#10;"/>
    <property name="java.specification.name" value="Java Platform API Specification"/>
    <property name="java.vm.specification.vendor" value="Oracle Corporation"/>
    <property name="java.awt.graphicsenv" value="sun.awt.CGraphicsEnvironment"/>
    <property name="surefire.real.class.path" value="/Users/daniel.scholtz/projects/pcloudy-maven-demo/target/surefire/surefirebooter-20240528180200937_3.jar"/>
    <property name="sun.management.compiler" value="HotSpot 64-Bit Tiered Compilers"/>
    <property name="java.runtime.version" value="11.0.10+9-b1341.41"/>
    <property name="user.name" value="daniel.scholtz"/>
    <property name="path.separator" value=":"/>
    <property name="os.version" value="10.16"/>
    <property name="java.runtime.name" value="OpenJDK Runtime Environment"/>
    <property name="file.encoding" value="UTF-8"/>
    <property name="java.vm.name" value="Dynamic Code Evolution 64-Bit Server VM"/>
    <property name="java.vendor.version" value="JBR-11.0.10.9-1341.41-dcevm"/>
    <property name="localRepository" value="/Users/daniel.scholtz/.m2/repository"/>
    <property name="java.vendor.url.bug" value="https://bugreport.java.com/bugreport/"/>
    <property name="java.io.tmpdir" value="/var/folders/3n/8zknltzd4yb8x21z_bt02hnw0000gp/T/"/>
    <property name="idea.version" value="2021.1.1"/>
    <property name="java.version" value="11.0.10"/>
    <property name="user.dir" value="/Users/daniel.scholtz/projects/pcloudy-maven-demo"/>
    <property name="os.arch" value="x86_64"/>
    <property name="java.vm.specification.name" value="Java Virtual Machine Specification"/>
    <property name="java.awt.printerjob" value="sun.lwawt.macosx.CPrinterJob"/>
    <property name="sun.os.patch.level" value="unknown"/>
    <property name="java.library.path" value="/Users/daniel.scholtz/Library/Java/Extensions:/Library/Java/Extensions:/Network/Library/Java/Extensions:/System/Library/Java/Extensions:/usr/lib/java:."/>
    <property name="java.vm.info" value="mixed mode"/>
    <property name="java.vendor" value="JetBrains s.r.o."/>
    <property name="java.vm.version" value="11.0.10+9-b1341.41"/>
    <property name="sun.io.unicode.encoding" value="UnicodeBig"/>
    <property name="java.class.version" value="55.0"/>
  </properties>
  <testcase name="runScenario[&quot;Install app and open it&quot;, &quot;This is a demo feature file for apk installation&quot;](1)" classname="testRunner.Runner" time="41.768">
    <system-out><![CDATA[
@TestMobile
Scenario: Install app and open it              &amp#27;[90m# src/test/resources/features/Android.feature:4&amp#27;[0m
  &amp#27;[32mGiven &amp#27;[0m&amp#27;[32mUser install "&amp#27;[0m&amp#27;[32m&amp#27;[1mExpenseApp&amp#27;[0m&amp#27;[32m"&amp#27;[0m              &amp#27;[90m# stepDefinitions.android.AndroidSteps.userInstallApp(java.lang.String)&amp#27;[0m
  &amp#27;[32mWhen &amp#27;[0m&amp#27;[32mUser opens "&amp#27;[0m&amp#27;[32m&amp#27;[1mExpenseApp&amp#27;[0m&amp#27;[32m"&amp#27;[0m                 &amp#27;[90m# stepDefinitions.android.AndroidSteps.userOpenApp(java.lang.String)&amp#27;[0m
  &amp#27;[32mThen &amp#27;[0m&amp#27;[32mApplication is loaded with all elements&amp#27;[0m &amp#27;[90m# stepDefinitions.android.AndroidSteps.elementsAreLoaded()&amp#27;[0m
]]></system-out>
    <system-err><![CDATA[SLF4J: Failed to load class "org.slf4j.impl.StaticLoggerBinder".
SLF4J: Defaulting to no-operation (NOP) logger implementation
SLF4J: See http://www.slf4j.org/codes.html#StaticLoggerBinder for further details.
May 28, 2024 6:02:38 PM io.appium.java_client.remote.AppiumCommandExecutor$1 lambda$0
INFO: Detected dialect: W3C
]]></system-err>
  </testcase>
</testsuite>