<?xml version="1.0" encoding="UTF-8"?>
<!-- Generated by org.testng.reporters.JUnitReportReporter -->
<testsuite hostname="HFV6Y3X6YH" failures="0" tests="1" name="testRunner.Runner" time="41.754" errors="0" timestamp="2024-05-28T18:02:44 CEST" skipped="0">
  <testcase classname="testRunner.Runner" name="runScenario" time="41.754"/>
</testsuite> <!-- testRunner.Runner -->
